
===========================================
Server started at [2025-11-07 23:09:28]
===========================================
[2025-11-07 23:09:30] [INFO] Server monitor started
[2025-11-07 23:09:30] [INFO] Server started successfully
[2025-11-07 23:10:30] [STATUS] Uptime: 00:01:01 | Clients: 0/20
[2025-11-07 23:11:30] [STATUS] Uptime: 00:02:01 | Clients: 0/20
[2025-11-07 23:12:30] [STATUS] Uptime: 00:03:01 | Clients: 1/20
[2025-11-07 23:13:30] [STATUS] Uptime: 00:04:01 | Clients: 0/20
[2025-11-07 23:14:30] [STATUS] Uptime: 00:05:01 | Clients: 0/20
[2025-11-07 23:15:30] [STATUS] Uptime: 00:06:01 | Clients: 0/20
[2025-11-07 23:16:30] [STATUS] Uptime: 00:07:01 | Clients: 0/20
[2025-11-07 23:17:30] [STATUS] Uptime: 00:08:01 | Clients: 0/20
[2025-11-07 23:18:30] [STATUS] Uptime: 00:09:01 | Clients: 0/20
[2025-11-07 23:19:30] [STATUS] Uptime: 00:10:01 | Clients: 0/20
[2025-11-07 23:19:56] [INFO] Shutdown signal received
[2025-11-07 23:19:56] [INFO] Server monitor stopped
[2025-11-07 23:19:56] [INFO] Server stopped successfully
===========================================
Server stopped at [2025-11-07 23:19:56]
===========================================
